::1 - - [01/Aug/2021:03:33:21 +0000] "GET /api/v1/movies HTTP/1.1" 304 -
::1 - - [01/Aug/2021:03:33:21 +0000] "GET /api/v1/movies HTTP/1.1" 304 -
::1 - - [01/Aug/2021:03:33:21 +0000] "GET /api/v1/movies HTTP/1.1" 304 -
::1 - - [01/Aug/2021:03:33:43 +0000] "GET /api/v1/movies HTTP/1.1" 304 -
::1 - - [01/Aug/2021:03:33:49 +0000] "GET /api/v1/movies HTTP/1.1" 304 -
::1 - - [01/Aug/2021:03:33:49 +0000] "GET /api/v1/movies HTTP/1.1" 304 -
::1 - - [01/Aug/2021:03:33:49 +0000] "GET /api/v1/movies HTTP/1.1" 304 -
::1 - - [01/Aug/2021:03:48:39 +0000] "GET /api/v1/movies HTTP/1.1" 400 47
::1 - - [01/Aug/2021:03:49:07 +0000] "GET /api/v1/movies HTTP/1.1" 200 22754
::1 - - [01/Aug/2021:03:54:40 +0000] "GET /api/v1/movies?sort_by=popularity.desc&limit=10 HTTP/1.1" 200 11116
::1 - - [01/Aug/2021:03:54:44 +0000] "GET /api/v1/movies HTTP/1.1" 304 -
::1 - - [01/Aug/2021:03:54:44 +0000] "GET /api/v1/movies?sort_by=popularity.desc&limit=10 HTTP/1.1" 304 -
::1 - - [01/Aug/2021:03:54:44 +0000] "GET /api/v1/movies HTTP/1.1" 304 -
::1 - - [01/Aug/2021:03:55:02 +0000] "GET /api/v1/movies HTTP/1.1" 304 -
::1 - - [01/Aug/2021:03:55:02 +0000] "GET /api/v1/movies?sort_by=popularity.desc&limit=10 HTTP/1.1" 304 -
::1 - - [01/Aug/2021:03:55:02 +0000] "GET /api/v1/movies HTTP/1.1" 304 -
::1 - - [01/Aug/2021:03:56:34 +0000] "GET /api/v1/movies?sort_by=popularity.desc&limit=10 HTTP/1.1" 304 -
::1 - - [01/Aug/2021:03:56:44 +0000] "GET /api/v1/movies?sort_by=vote_average.desc&limit=10 HTTP/1.1" 200 11486
::1 - - [01/Aug/2021:03:56:46 +0000] "GET /api/v1/movies HTTP/1.1" 304 -
::1 - - [01/Aug/2021:03:56:47 +0000] "GET /api/v1/movies?sort_by=vote_average.desc&limit=10 HTTP/1.1" 304 -
::1 - - [01/Aug/2021:03:56:47 +0000] "GET /api/v1/movies?sort_by=popularity.desc&limit=10 HTTP/1.1" 304 -
::1 - - [01/Aug/2021:03:57:32 +0000] "GET /api/v1/movies?sort_by=popularity.desc&limit=10 HTTP/1.1" 304 -
::1 - - [01/Aug/2021:03:57:44 +0000] "GET /api/v1/movies?sort_by=release_date.desc&limit=10 HTTP/1.1" 200 8775
::1 - - [01/Aug/2021:03:58:07 +0000] "GET /api/v1/movies HTTP/1.1" 304 -
::1 - - [01/Aug/2021:03:58:17 +0000] "GET /api/v1/movies HTTP/1.1" 304 -
::1 - - [01/Aug/2021:03:58:17 +0000] "GET /api/v1/movies?sort_by=popularity.desc&limit=10 HTTP/1.1" 304 -
::1 - - [01/Aug/2021:03:58:17 +0000] "GET /api/v1/movies?sort_by=release_date.desc&limit=10 HTTP/1.1" 304 -
::1 - - [01/Aug/2021:03:58:17 +0000] "GET /api/v1/movies?sort_by=vote_average.desc&limit=10 HTTP/1.1" 304 -
::1 - - [01/Aug/2021:03:58:25 +0000] "GET /api/v1/movies HTTP/1.1" 304 -
::1 - - [01/Aug/2021:03:58:28 +0000] "GET /api/v1/movies HTTP/1.1" 304 -
::1 - - [01/Aug/2021:03:58:28 +0000] "GET /api/v1/movies?sort_by=popularity.desc&limit=10 HTTP/1.1" 304 -
::1 - - [01/Aug/2021:03:58:28 +0000] "GET /api/v1/movies?sort_by=vote_average.desc&limit=10 HTTP/1.1" 304 -
::1 - - [01/Aug/2021:03:58:28 +0000] "GET /api/v1/movies?sort_by=release_date.desc&limit=10 HTTP/1.1" 304 -
::1 - - [01/Aug/2021:03:58:31 +0000] "GET /api/v1/movies/379686 HTTP/1.1" 304 -
::1 - - [01/Aug/2021:03:58:31 +0000] "GET /api/v1/movies HTTP/1.1" 304 -
::1 - - [01/Aug/2021:03:58:47 +0000] "GET /api/v1/movies?sort_by=release_date.desc&limit=10 HTTP/1.1" 304 -
::1 - - [01/Aug/2021:03:58:47 +0000] "GET /api/v1/movies?sort_by=popularity.desc&limit=10 HTTP/1.1" 304 -
::1 - - [01/Aug/2021:03:58:47 +0000] "GET /api/v1/movies?sort_by=vote_average.desc&limit=10 HTTP/1.1" 304 -
::1 - - [01/Aug/2021:03:58:49 +0000] "GET /api/v1/movies/840377 HTTP/1.1" 200 1020
::1 - - [01/Aug/2021:03:58:49 +0000] "GET /api/v1/movies HTTP/1.1" 304 -
::1 - - [01/Aug/2021:03:58:59 +0000] "GET /api/v1/movies?sort_by=popularity.desc&limit=10 HTTP/1.1" 304 -
::1 - - [01/Aug/2021:03:58:59 +0000] "GET /api/v1/movies?sort_by=vote_average.desc&limit=10 HTTP/1.1" 304 -
::1 - - [01/Aug/2021:03:58:59 +0000] "GET /api/v1/movies?sort_by=release_date.desc&limit=10 HTTP/1.1" 304 -
::1 - - [01/Aug/2021:03:59:04 +0000] "GET /api/v1/movies/379686 HTTP/1.1" 304 -
::1 - - [01/Aug/2021:03:59:04 +0000] "GET /api/v1/movies HTTP/1.1" 304 -
::1 - - [01/Aug/2021:04:16:12 +0000] "GET /api/v1/people HTTP/1.1" 200 1910
::1 - - [01/Aug/2021:04:20:48 +0000] "GET /api/v1/people HTTP/1.1" 200 6224
::1 - - [01/Aug/2021:04:23:43 +0000] "GET /api/v1/movies?sort_by=vote_average.desc&limit=10 HTTP/1.1" 200 12957
::1 - - [01/Aug/2021:04:23:43 +0000] "GET /api/v1/movies?sort_by=popularity.desc&limit=10 HTTP/1.1" 200 13128
::1 - - [01/Aug/2021:04:23:43 +0000] "GET /api/v1/movies?sort_by=release_date.desc&limit=10 HTTP/1.1" 200 8775
::1 - - [01/Aug/2021:04:23:51 +0000] "GET /api/v1/movies?sort_by=vote_average.desc&limit=10 HTTP/1.1" 304 -
::1 - - [01/Aug/2021:04:23:51 +0000] "GET /api/v1/movies?sort_by=popularity.desc&limit=10 HTTP/1.1" 304 -
::1 - - [01/Aug/2021:04:23:51 +0000] "GET /api/v1/movies?sort_by=release_date.desc&limit=10 HTTP/1.1" 304 -
::1 - - [01/Aug/2021:04:23:59 +0000] "GET /api/v1/movies/631843 HTTP/1.1" 200 1288
::1 - - [01/Aug/2021:04:23:59 +0000] "GET /api/v1/movies HTTP/1.1" 200 28370
::1 - - [01/Aug/2021:04:24:29 +0000] "GET /api/v1/movies?sort_by=popularity.desc&limit=10 HTTP/1.1" 304 -
::1 - - [01/Aug/2021:04:24:29 +0000] "GET /api/v1/movies?sort_by=vote_average.desc&limit=10 HTTP/1.1" 304 -
::1 - - [01/Aug/2021:04:24:29 +0000] "GET /api/v1/movies?sort_by=release_date.desc&limit=10 HTTP/1.1" 304 -
::1 - - [01/Aug/2021:04:24:30 +0000] "GET /api/v1/movies/451048 HTTP/1.1" 200 1817
::1 - - [01/Aug/2021:04:24:30 +0000] "GET /api/v1/movies HTTP/1.1" 304 -
::1 - - [01/Aug/2021:04:24:33 +0000] "GET /api/v1/movies?sort_by=vote_average.desc&limit=10 HTTP/1.1" 304 -
::1 - - [01/Aug/2021:04:24:33 +0000] "GET /api/v1/movies?sort_by=popularity.desc&limit=10 HTTP/1.1" 304 -
::1 - - [01/Aug/2021:04:24:33 +0000] "GET /api/v1/movies?sort_by=release_date.desc&limit=10 HTTP/1.1" 304 -
::1 - - [01/Aug/2021:04:24:37 +0000] "GET /api/v1/movies/385128 HTTP/1.1" 304 -
::1 - - [01/Aug/2021:04:24:37 +0000] "GET /api/v1/movies HTTP/1.1" 304 -
::1 - - [01/Aug/2021:04:24:40 +0000] "GET /api/v1/movies?sort_by=popularity.desc&limit=10 HTTP/1.1" 304 -
::1 - - [01/Aug/2021:04:24:40 +0000] "GET /api/v1/movies?sort_by=vote_average.desc&limit=10 HTTP/1.1" 304 -
::1 - - [01/Aug/2021:04:24:40 +0000] "GET /api/v1/movies?sort_by=release_date.desc&limit=10 HTTP/1.1" 304 -
::1 - - [01/Aug/2021:04:24:45 +0000] "GET /api/v1/movies/385128 HTTP/1.1" 304 -
::1 - - [01/Aug/2021:04:24:45 +0000] "GET /api/v1/movies HTTP/1.1" 304 -
::ffff:127.0.0.1 - - [01/Aug/2021:04:27:01 +0000] "GET /api/v1/movies/385128 HTTP/1.1" 200 1364
::ffff:127.0.0.1 - - [01/Aug/2021:04:27:01 +0000] "GET /api/v1/people HTTP/1.1" 200 6224
::ffff:127.0.0.1 - - [01/Aug/2021:04:27:01 +0000] "GET /api/v1/movies HTTP/1.1" 200 28370
::ffff:127.0.0.1 - - [01/Aug/2021:04:27:07 +0000] "GET /api/v1/movies/385128 HTTP/1.1" 200 1364
::ffff:127.0.0.1 - - [01/Aug/2021:04:27:07 +0000] "GET /api/v1/people HTTP/1.1" 200 6224
::ffff:127.0.0.1 - - [01/Aug/2021:04:27:07 +0000] "GET /api/v1/movies HTTP/1.1" 200 28370
::ffff:127.0.0.1 - - [01/Aug/2021:04:27:12 +0000] "GET /api/v1/movies/385128 HTTP/1.1" 200 1364
::ffff:127.0.0.1 - - [01/Aug/2021:04:27:12 +0000] "GET /api/v1/people HTTP/1.1" 200 6224
::ffff:127.0.0.1 - - [01/Aug/2021:04:27:12 +0000] "GET /api/v1/movies HTTP/1.1" 200 28370
::ffff:127.0.0.1 - - [01/Aug/2021:04:27:17 +0000] "GET /api/v1/movies/385128 HTTP/1.1" 200 1364
::ffff:127.0.0.1 - - [01/Aug/2021:04:27:17 +0000] "GET /api/v1/people HTTP/1.1" 200 6224
::ffff:127.0.0.1 - - [01/Aug/2021:04:27:17 +0000] "GET /api/v1/movies HTTP/1.1" 200 28370
::ffff:127.0.0.1 - - [01/Aug/2021:04:27:22 +0000] "GET /api/v1/movies/385128 HTTP/1.1" 200 1364
::ffff:127.0.0.1 - - [01/Aug/2021:04:27:22 +0000] "GET /api/v1/people HTTP/1.1" 200 6224
::ffff:127.0.0.1 - - [01/Aug/2021:04:27:22 +0000] "GET /api/v1/movies HTTP/1.1" 200 28370
::ffff:127.0.0.1 - - [01/Aug/2021:04:27:24 +0000] "GET /api/v1/movies/385128 HTTP/1.1" 200 1364
::ffff:127.0.0.1 - - [01/Aug/2021:04:27:24 +0000] "GET /api/v1/people HTTP/1.1" 200 6224
::ffff:127.0.0.1 - - [01/Aug/2021:04:27:24 +0000] "GET /api/v1/movies HTTP/1.1" 200 28370
::ffff:127.0.0.1 - - [01/Aug/2021:04:27:30 +0000] "GET /api/v1/movies/385128 HTTP/1.1" 200 1364
::ffff:127.0.0.1 - - [01/Aug/2021:04:27:30 +0000] "GET /api/v1/people HTTP/1.1" 200 6224
::ffff:127.0.0.1 - - [01/Aug/2021:04:27:30 +0000] "GET /api/v1/movies HTTP/1.1" 200 28370
::ffff:127.0.0.1 - - [01/Aug/2021:04:27:44 +0000] "GET /api/v1/movies/385128 HTTP/1.1" 200 1364
::ffff:127.0.0.1 - - [01/Aug/2021:04:27:44 +0000] "GET /api/v1/movies HTTP/1.1" 200 28370
::ffff:127.0.0.1 - - [01/Aug/2021:04:27:51 +0000] "GET /api/v1/movies/385128 HTTP/1.1" 200 1364
::ffff:127.0.0.1 - - [01/Aug/2021:04:27:51 +0000] "GET /api/v1/movies HTTP/1.1" 200 28370
::ffff:127.0.0.1 - - [01/Aug/2021:04:27:55 +0000] "GET /api/v1/movies/385128 HTTP/1.1" 200 1364
::ffff:127.0.0.1 - - [01/Aug/2021:04:27:55 +0000] "GET /api/v1/movies HTTP/1.1" 200 28370
::ffff:127.0.0.1 - - [01/Aug/2021:04:28:15 +0000] "GET /api/v1/movies/385128 HTTP/1.1" 200 1364
::ffff:127.0.0.1 - - [01/Aug/2021:04:28:15 +0000] "GET /api/v1/movies HTTP/1.1" 200 28370
::1 - - [01/Aug/2021:04:28:17 +0000] "GET /api/v1/movies?sort_by=popularity.desc&limit=10 HTTP/1.1" 304 -
::1 - - [01/Aug/2021:04:28:17 +0000] "GET /api/v1/movies?sort_by=vote_average.desc&limit=10 HTTP/1.1" 304 -
::1 - - [01/Aug/2021:04:28:17 +0000] "GET /api/v1/movies?sort_by=release_date.desc&limit=10 HTTP/1.1" 304 -
::1 - - [01/Aug/2021:04:28:20 +0000] "GET /api/v1/movies/379686 HTTP/1.1" 304 -
::1 - - [01/Aug/2021:04:28:20 +0000] "GET /api/v1/movies HTTP/1.1" 304 -
::ffff:127.0.0.1 - - [01/Aug/2021:04:29:46 +0000] "GET /api/v1/movies/379686 HTTP/1.1" 200 2019
::ffff:127.0.0.1 - - [01/Aug/2021:04:29:46 +0000] "GET /api/v1/people HTTP/1.1" 200 6224
::ffff:127.0.0.1 - - [01/Aug/2021:04:29:46 +0000] "GET /api/v1/movies HTTP/1.1" 200 28370
::ffff:127.0.0.1 - - [01/Aug/2021:04:29:52 +0000] "GET /api/v1/movies/379686 HTTP/1.1" 200 2019
::ffff:127.0.0.1 - - [01/Aug/2021:04:29:52 +0000] "GET /api/v1/people HTTP/1.1" 200 6224
::ffff:127.0.0.1 - - [01/Aug/2021:04:29:52 +0000] "GET /api/v1/movies HTTP/1.1" 200 28370
::1 - - [01/Aug/2021:04:30:01 +0000] "GET /api/v1/movies?sort_by=popularity.desc&limit=10 HTTP/1.1" 304 -
::1 - - [01/Aug/2021:04:30:01 +0000] "GET /api/v1/movies?sort_by=release_date.desc&limit=10 HTTP/1.1" 304 -
::1 - - [01/Aug/2021:04:30:01 +0000] "GET /api/v1/movies?sort_by=vote_average.desc&limit=10 HTTP/1.1" 304 -
::1 - - [01/Aug/2021:04:30:12 +0000] "GET /api/v1/movies/379686 HTTP/1.1" 304 -
::1 - - [01/Aug/2021:04:30:12 +0000] "GET /api/v1/people HTTP/1.1" 200 6224
::1 - - [01/Aug/2021:04:30:12 +0000] "GET /api/v1/movies HTTP/1.1" 304 -
::1 - - [01/Aug/2021:04:30:54 +0000] "GET /api/v1/people HTTP/1.1" 200 6224
::1 - - [01/Aug/2021:04:30:55 +0000] "GET /api/v1/people HTTP/1.1" 200 6224
::ffff:127.0.0.1 - - [01/Aug/2021:04:31:15 +0000] "GET /api/v1/movies/379686 HTTP/1.1" 200 2019
::ffff:127.0.0.1 - - [01/Aug/2021:04:31:15 +0000] "GET /api/v1/people HTTP/1.1" 200 6224
::ffff:127.0.0.1 - - [01/Aug/2021:04:31:15 +0000] "GET /api/v1/movies HTTP/1.1" 200 28370
::ffff:127.0.0.1 - - [01/Aug/2021:04:31:33 +0000] "GET /api/v1/movies/379686 HTTP/1.1" 200 2019
::ffff:127.0.0.1 - - [01/Aug/2021:04:31:33 +0000] "GET /api/v1/people HTTP/1.1" 200 6224
::ffff:127.0.0.1 - - [01/Aug/2021:04:31:33 +0000] "GET /api/v1/movies HTTP/1.1" 200 28370
::ffff:127.0.0.1 - - [01/Aug/2021:04:32:31 +0000] "GET /api/v1/movies/379686 HTTP/1.1" 200 2019
::ffff:127.0.0.1 - - [01/Aug/2021:04:32:31 +0000] "GET /api/v1/people HTTP/1.1" 200 6224
::ffff:127.0.0.1 - - [01/Aug/2021:04:32:31 +0000] "GET /api/v1/movies HTTP/1.1" 200 28370
::1 - - [01/Aug/2021:04:40:22 +0000] "GET /api/v1/movies?sort_by=vote_average.desc&limit=10 HTTP/1.1" 304 -
::1 - - [01/Aug/2021:04:40:22 +0000] "GET /api/v1/movies?sort_by=popularity.desc&limit=10 HTTP/1.1" 304 -
::1 - - [01/Aug/2021:04:40:22 +0000] "GET /api/v1/movies?sort_by=release_date.desc&limit=10 HTTP/1.1" 304 -
::1 - - [01/Aug/2021:04:41:38 +0000] "GET /api/v1/movies/631843 HTTP/1.1" 200 1288
::1 - - [01/Aug/2021:04:41:38 +0000] "GET /api/v1/people HTTP/1.1" 200 6224
::1 - - [01/Aug/2021:04:41:38 +0000] "GET /api/v1/movies HTTP/1.1" 304 -
::1 - - [01/Aug/2021:04:41:51 +0000] "GET /api/v1/movies HTTP/1.1" 304 -
::1 - - [01/Aug/2021:04:42:36 +0000] "GET /api/v1/movies HTTP/1.1" 304 -
::1 - - [01/Aug/2021:04:44:37 +0000] "GET /api/v1/movies/379686 HTTP/1.1" 304 -
::1 - - [01/Aug/2021:04:44:37 +0000] "GET /api/v1/people HTTP/1.1" 304 -
::1 - - [01/Aug/2021:04:44:37 +0000] "GET /api/v1/movies HTTP/1.1" 304 -
::1 - - [01/Aug/2021:04:59:45 +0000] "GET /api/v1/movies HTTP/1.1" 304 -
::1 - - [01/Aug/2021:05:03:28 +0000] "GET /api/v1/movies HTTP/1.1" 200 28370
::1 - - [01/Aug/2021:05:04:40 +0000] "GET /api/v1/movies HTTP/1.1" 200 22029
::1 - - [01/Aug/2021:05:04:56 +0000] "GET /api/v1/movies HTTP/1.1" 200 22029
::1 - - [01/Aug/2021:05:09:07 +0000] "GET /api/v1/movies?sort_by=release_date.desc HTTP/1.1" 200 16189
::1 - - [01/Aug/2021:05:09:11 +0000] "GET /api/v1/movies?sort_by=release_date.desc HTTP/1.1" 304 -
::1 - - [01/Aug/2021:05:16:06 +0000] "GET /api/v1/movies?sort_by=release_date.desc&limit=10 HTTP/1.1" 304 -
::1 - - [01/Aug/2021:05:16:06 +0000] "GET /api/v1/movies?sort_by=vote_average.desc&limit=10 HTTP/1.1" 304 -
::1 - - [01/Aug/2021:05:16:06 +0000] "GET /api/v1/movies?sort_by=popularity.desc&limit=10 HTTP/1.1" 304 -
::1 - - [01/Aug/2021:05:18:22 +0000] "GET /api/v1/movies?sort_by=release_date.desc HTTP/1.1" 304 -
::1 - - [01/Aug/2021:05:24:16 +0000] "GET /api/v1/movies HTTP/1.1" 304 -
::1 - - [01/Aug/2021:05:25:48 +0000] "GET /api/v1/movies HTTP/1.1" 304 -
::1 - - [01/Aug/2021:05:26:02 +0000] "GET /api/v1/movies?sort_by=release_date.desc HTTP/1.1" 304 -
::1 - - [01/Aug/2021:05:26:27 +0000] "GET /api/v1/movies HTTP/1.1" 304 -
::1 - - [01/Aug/2021:05:27:08 +0000] "GET /api/v1/movies?sort_by=release_date.desc HTTP/1.1" 304 -
::1 - - [01/Aug/2021:05:27:12 +0000] "GET /api/v1/movies HTTP/1.1" 304 -
::1 - - [01/Aug/2021:05:27:14 +0000] "GET /api/v1/movies HTTP/1.1" 304 -
::1 - - [01/Aug/2021:05:27:15 +0000] "GET /api/v1/movies HTTP/1.1" 304 -
::1 - - [01/Aug/2021:05:27:18 +0000] "GET /api/v1/movies HTTP/1.1" 304 -
::1 - - [01/Aug/2021:05:27:19 +0000] "GET /api/v1/movies HTTP/1.1" 304 -
::1 - - [01/Aug/2021:05:27:20 +0000] "GET /api/v1/movies HTTP/1.1" 304 -
::1 - - [01/Aug/2021:05:27:25 +0000] "GET /api/v1/movies HTTP/1.1" 304 -
::1 - - [01/Aug/2021:05:27:31 +0000] "GET /api/v1/movies HTTP/1.1" 304 -
::1 - - [01/Aug/2021:05:27:33 +0000] "GET /api/v1/movies HTTP/1.1" 304 -
::1 - - [01/Aug/2021:05:27:33 +0000] "GET /api/v1/movies HTTP/1.1" 304 -
::1 - - [01/Aug/2021:05:27:33 +0000] "GET /api/v1/movies HTTP/1.1" 304 -
::1 - - [01/Aug/2021:05:27:34 +0000] "GET /api/v1/movies HTTP/1.1" 304 -
::1 - - [01/Aug/2021:05:27:36 +0000] "GET /api/v1/movies?sort_by=release_date.desc HTTP/1.1" 304 -
::1 - - [01/Aug/2021:05:27:41 +0000] "GET /api/v1/movies HTTP/1.1" 304 -
::1 - - [01/Aug/2021:05:27:45 +0000] "GET /api/v1/movies HTTP/1.1" 304 -
::1 - - [01/Aug/2021:05:27:48 +0000] "GET /api/v1/movies HTTP/1.1" 304 -
::1 - - [01/Aug/2021:05:27:49 +0000] "GET /api/v1/movies HTTP/1.1" 304 -
::1 - - [01/Aug/2021:05:27:49 +0000] "GET /api/v1/movies HTTP/1.1" 304 -
::1 - - [01/Aug/2021:05:27:49 +0000] "GET /api/v1/movies HTTP/1.1" 304 -
::1 - - [01/Aug/2021:05:27:49 +0000] "GET /api/v1/movies HTTP/1.1" 304 -
::1 - - [01/Aug/2021:05:27:56 +0000] "GET /api/v1/movies?sort_by=release_date.desc HTTP/1.1" 304 -
::1 - - [01/Aug/2021:05:27:58 +0000] "GET /api/v1/movies HTTP/1.1" 304 -
::1 - - [01/Aug/2021:05:28:00 +0000] "GET /api/v1/movies HTTP/1.1" 304 -
::1 - - [01/Aug/2021:05:28:01 +0000] "GET /api/v1/movies HTTP/1.1" 304 -
::1 - - [01/Aug/2021:05:28:01 +0000] "GET /api/v1/movies HTTP/1.1" 304 -
::1 - - [01/Aug/2021:05:28:01 +0000] "GET /api/v1/movies HTTP/1.1" 304 -
::1 - - [01/Aug/2021:05:28:02 +0000] "GET /api/v1/movies HTTP/1.1" 304 -
::1 - - [01/Aug/2021:05:28:02 +0000] "GET /api/v1/movies HTTP/1.1" 304 -
::1 - - [01/Aug/2021:05:28:08 +0000] "GET /api/v1/movies HTTP/1.1" 304 -
::1 - - [01/Aug/2021:05:28:08 +0000] "GET /api/v1/movies HTTP/1.1" 304 -
::1 - - [01/Aug/2021:05:28:09 +0000] "GET /api/v1/movies HTTP/1.1" 304 -
::1 - - [01/Aug/2021:05:28:09 +0000] "GET /api/v1/movies HTTP/1.1" 304 -
::1 - - [01/Aug/2021:05:28:09 +0000] "GET /api/v1/movies HTTP/1.1" 304 -
::1 - - [01/Aug/2021:05:28:09 +0000] "GET /api/v1/movies HTTP/1.1" 304 -
::1 - - [01/Aug/2021:05:28:09 +0000] "GET /api/v1/movies HTTP/1.1" 304 -
::1 - - [01/Aug/2021:05:28:38 +0000] "GET /api/v1/movies?sort_by=release_date.desc HTTP/1.1" 304 -
::1 - - [01/Aug/2021:05:28:42 +0000] "GET /api/v1/movies?sort_by=vote_average.desc HTTP/1.1" 200 22029
::1 - - [01/Aug/2021:05:28:49 +0000] "GET /api/v1/movies?sort_by=vote_average.asc HTTP/1.1" 200 16189
::1 - - [01/Aug/2021:05:29:03 +0000] "GET /api/v1/movies?sort_by=release_date.desc HTTP/1.1" 304 -
::1 - - [01/Aug/2021:05:29:06 +0000] "GET /api/v1/movies HTTP/1.1" 304 -
::1 - - [01/Aug/2021:05:29:08 +0000] "GET /api/v1/movies HTTP/1.1" 304 -
::1 - - [01/Aug/2021:05:29:09 +0000] "GET /api/v1/movies HTTP/1.1" 304 -
::1 - - [01/Aug/2021:05:29:09 +0000] "GET /api/v1/movies HTTP/1.1" 304 -
::1 - - [01/Aug/2021:05:29:09 +0000] "GET /api/v1/movies HTTP/1.1" 304 -
::1 - - [01/Aug/2021:05:29:10 +0000] "GET /api/v1/movies HTTP/1.1" 304 -
::1 - - [01/Aug/2021:05:29:10 +0000] "GET /api/v1/movies HTTP/1.1" 304 -
::1 - - [01/Aug/2021:05:29:10 +0000] "GET /api/v1/movies HTTP/1.1" 304 -
::1 - - [01/Aug/2021:05:29:10 +0000] "GET /api/v1/movies HTTP/1.1" 304 -
::1 - - [01/Aug/2021:05:29:10 +0000] "GET /api/v1/movies HTTP/1.1" 304 -
::1 - - [01/Aug/2021:05:29:11 +0000] "GET /api/v1/movies HTTP/1.1" 304 -
::1 - - [01/Aug/2021:05:29:11 +0000] "GET /api/v1/movies HTTP/1.1" 304 -
::1 - - [01/Aug/2021:05:29:13 +0000] "GET /api/v1/movies HTTP/1.1" 304 -
::1 - - [01/Aug/2021:05:29:15 +0000] "GET /api/v1/movies HTTP/1.1" 304 -
::1 - - [01/Aug/2021:05:29:15 +0000] "GET /api/v1/movies HTTP/1.1" 304 -
::1 - - [01/Aug/2021:05:29:17 +0000] "GET /api/v1/movies HTTP/1.1" 304 -
::1 - - [01/Aug/2021:05:29:18 +0000] "GET /api/v1/movies HTTP/1.1" 304 -
::1 - - [01/Aug/2021:05:29:18 +0000] "GET /api/v1/movies HTTP/1.1" 304 -
::1 - - [01/Aug/2021:05:29:19 +0000] "GET /api/v1/movies HTTP/1.1" 304 -
::1 - - [01/Aug/2021:05:29:21 +0000] "GET /api/v1/movies?sort_by=release_date.desc HTTP/1.1" 304 -
::1 - - [01/Aug/2021:05:29:25 +0000] "GET /api/v1/movies HTTP/1.1" 304 -
::1 - - [01/Aug/2021:05:29:43 +0000] "GET /api/v1/movies?sort_by=title.asc HTTP/1.1" 200 19231
::1 - - [01/Aug/2021:05:29:45 +0000] "GET /api/v1/movies?sort_by=title.asc HTTP/1.1" 200 19231
::1 - - [01/Aug/2021:05:29:59 +0000] "GET /api/v1/movies?sort_by=title.desc HTTP/1.1" 200 20367
::1 - - [01/Aug/2021:05:30:16 +0000] "GET /api/v1/movies?sort_by=release_date.desc HTTP/1.1" 304 -
::1 - - [01/Aug/2021:05:30:18 +0000] "GET /api/v1/movies HTTP/1.1" 304 -
::1 - - [01/Aug/2021:05:30:18 +0000] "GET /api/v1/movies HTTP/1.1" 304 -
::1 - - [01/Aug/2021:05:30:33 +0000] "GET /api/v1/movies?sort_by=release_date.desc HTTP/1.1" 304 -
::1 - - [01/Aug/2021:05:30:38 +0000] "GET /api/v1/movies HTTP/1.1" 304 -
::1 - - [01/Aug/2021:05:30:48 +0000] "GET /api/v1/movies HTTP/1.1" 304 -
::1 - - [01/Aug/2021:05:33:05 +0000] "GET /api/v1/movies?sort_by=release_date.desc HTTP/1.1" 304 -
::1 - - [01/Aug/2021:05:33:10 +0000] "GET /api/v1/movies?page=1&limit=20&sort=title.desc HTTP/1.1" 200 22029
::1 - - [01/Aug/2021:05:33:13 +0000] "GET /api/v1/movies?page=1&limit=20&sort=popularity.asc HTTP/1.1" 200 22029
::1 - - [01/Aug/2021:05:33:18 +0000] "GET /api/v1/movies?page=1&limit=20&sort=title.desc HTTP/1.1" 304 -
::1 - - [01/Aug/2021:05:33:24 +0000] "GET /api/v1/movies?page=1&limit=20&sort=popularity.desc HTTP/1.1" 200 22029
::1 - - [01/Aug/2021:05:33:25 +0000] "GET /api/v1/movies?page=1&limit=20&sort=popularity.desc HTTP/1.1" 304 -
::1 - - [01/Aug/2021:05:33:26 +0000] "GET /api/v1/movies?page=1&limit=20&sort=popularity.desc HTTP/1.1" 304 -
::1 - - [01/Aug/2021:05:33:26 +0000] "GET /api/v1/movies?page=1&limit=20&sort=popularity.desc HTTP/1.1" 304 -
::1 - - [01/Aug/2021:05:33:26 +0000] "GET /api/v1/movies?page=1&limit=20&sort=popularity.desc HTTP/1.1" 304 -
::1 - - [01/Aug/2021:05:33:26 +0000] "GET /api/v1/movies?page=1&limit=20&sort=popularity.desc HTTP/1.1" 304 -
::1 - - [01/Aug/2021:05:33:26 +0000] "GET /api/v1/movies?page=1&limit=20&sort=popularity.desc HTTP/1.1" 304 -
::1 - - [01/Aug/2021:05:33:41 +0000] "GET /api/v1/movies?page=1&limit=20&sort=popularity.desc HTTP/1.1" 304 -
::1 - - [01/Aug/2021:05:33:42 +0000] "GET /api/v1/movies?page=1&limit=20&sort=popularity.desc HTTP/1.1" 304 -
::1 - - [01/Aug/2021:05:33:42 +0000] "GET /api/v1/movies?page=1&limit=20&sort=popularity.desc HTTP/1.1" 304 -
::1 - - [01/Aug/2021:05:33:42 +0000] "GET /api/v1/movies?page=1&limit=20&sort=popularity.desc HTTP/1.1" 304 -
::1 - - [01/Aug/2021:05:33:43 +0000] "GET /api/v1/movies?page=1&limit=20&sort=popularity.desc HTTP/1.1" 304 -
::1 - - [01/Aug/2021:05:34:30 +0000] "GET /api/v1/movies?sort_by=release_date.desc HTTP/1.1" 304 -
::1 - - [01/Aug/2021:05:34:38 +0000] "GET /api/v1/movies?page=1&limit=20&sort=title.desc HTTP/1.1" 304 -
::1 - - [01/Aug/2021:05:34:40 +0000] "GET /api/v1/movies?sort_by=release_date.desc HTTP/1.1" 304 -
::1 - - [01/Aug/2021:05:34:44 +0000] "GET /api/v1/movies?page=1&limit=20&sort=popularity.asc HTTP/1.1" 304 -
::1 - - [01/Aug/2021:05:34:45 +0000] "GET /api/v1/movies?page=1&limit=20&sort=popularity.asc HTTP/1.1" 304 -
::1 - - [01/Aug/2021:05:34:46 +0000] "GET /api/v1/movies?page=1&limit=20&sort=popularity.asc HTTP/1.1" 304 -
::1 - - [01/Aug/2021:05:34:52 +0000] "GET /api/v1/movies?page=1&limit=20&sort=popularity.desc HTTP/1.1" 304 -
::1 - - [01/Aug/2021:05:34:54 +0000] "GET /api/v1/movies?page=1&limit=20&sort=title.desc HTTP/1.1" 304 -
::1 - - [01/Aug/2021:05:34:57 +0000] "GET /api/v1/movies?page=1&limit=20&sort=title.desc HTTP/1.1" 304 -
::1 - - [01/Aug/2021:05:34:58 +0000] "GET /api/v1/movies?page=1&limit=20&sort=title.desc HTTP/1.1" 304 -
::1 - - [01/Aug/2021:05:35:00 +0000] "GET /api/v1/movies?page=1&limit=20&sort=title.desc HTTP/1.1" 304 -
::1 - - [01/Aug/2021:05:35:34 +0000] "GET /api/v1/movies?sort_by=release_date.desc HTTP/1.1" 304 -
::1 - - [01/Aug/2021:05:35:40 +0000] "GET /api/v1/movies?page=1&limit=20&sort=title.asc HTTP/1.1" 200 22029
::1 - - [01/Aug/2021:05:36:02 +0000] "GET /api/v1/movies?page=1&limit=20&sort=title.asc HTTP/1.1" 200 22029
::1 - - [01/Aug/2021:05:36:18 +0000] "GET /api/v1/movies?page=1&limit=20&sort=title.asc&sort_by=popularity.asc HTTP/1.1" 200 16215
::1 - - [01/Aug/2021:05:36:20 +0000] "GET /api/v1/movies?page=1&limit=20&sort=title.asc&sort_by=popularity.desc HTTP/1.1" 200 22094
::1 - - [01/Aug/2021:05:36:22 +0000] "GET /api/v1/movies?page=1&limit=20&sort=title.asc&sort_by=title.asc HTTP/1.1" 200 19231
::1 - - [01/Aug/2021:05:36:26 +0000] "GET /api/v1/movies?page=1&limit=20&sort=title.asc&sort_by=popularity.asc HTTP/1.1" 304 -
::1 - - [01/Aug/2021:05:47:16 +0000] "GET /api/v1/movies?sort_by=release_date.desc HTTP/1.1" 304 -
::1 - - [01/Aug/2021:05:51:07 +0000] "GET /api/v1/movies?sort_by=release_date.desc HTTP/1.1" 304 -
::1 - - [01/Aug/2021:05:51:11 +0000] "GET /api/v1/movies?page=1&limit=20 HTTP/1.1" 200 22029
::1 - - [01/Aug/2021:05:51:12 +0000] "GET /api/v1/movies?page=1&limit=20 HTTP/1.1" 304 -
::1 - - [01/Aug/2021:05:51:16 +0000] "GET /api/v1/movies?page=1&limit=20 HTTP/1.1" 304 -
::1 - - [01/Aug/2021:05:53:23 +0000] "GET /api/v1/movies?sort_by=release_date.desc HTTP/1.1" 304 -
::1 - - [01/Aug/2021:05:53:28 +0000] "GET /api/v1/movies?sort_by=release_date.desc HTTP/1.1" 304 -
::1 - - [01/Aug/2021:05:53:30 +0000] "GET /api/v1/movies?page=1&limit=20 HTTP/1.1" 304 -
::1 - - [01/Aug/2021:05:53:35 +0000] "GET /api/v1/movies?sort_by=popularity.desc&limit=10 HTTP/1.1" 304 -
::1 - - [01/Aug/2021:05:53:35 +0000] "GET /api/v1/movies?sort_by=release_date.desc&limit=10 HTTP/1.1" 304 -
::1 - - [01/Aug/2021:05:53:35 +0000] "GET /api/v1/movies?sort_by=vote_average.desc&limit=10 HTTP/1.1" 304 -
::1 - - [01/Aug/2021:05:53:37 +0000] "GET /api/v1/movies?sort_by=release_date.desc HTTP/1.1" 304 -
::1 - - [01/Aug/2021:05:53:41 +0000] "GET /api/v1/movies?page=1&limit=20 HTTP/1.1" 304 -
::1 - - [01/Aug/2021:05:54:53 +0000] "GET /api/v1/movies?sort_by=release_date.desc HTTP/1.1" 304 -
::1 - - [01/Aug/2021:05:54:57 +0000] "GET /api/v1/movies?sort_by=release_date.desc HTTP/1.1" 304 -
::1 - - [01/Aug/2021:05:54:59 +0000] "GET /api/v1/movies?page=1&limit=20 HTTP/1.1" 304 -
::1 - - [01/Aug/2021:05:55:51 +0000] "GET /api/v1/movies?sort_by=release_date.desc HTTP/1.1" 304 -
::1 - - [01/Aug/2021:05:55:53 +0000] "GET /api/v1/movies?sort_by=release_date.desc HTTP/1.1" 304 -
::1 - - [01/Aug/2021:05:56:04 +0000] "GET /api/v1/movies?sort_by=release_date.desc HTTP/1.1" 304 -
::1 - - [01/Aug/2021:05:58:04 +0000] "GET /api/v1/movies?sort_by=release_date.desc HTTP/1.1" 304 -
::1 - - [01/Aug/2021:05:58:11 +0000] "GET /api/v1/movies?sort_by=release_date.desc HTTP/1.1" 304 -
::1 - - [01/Aug/2021:05:58:14 +0000] "GET /api/v1/movies?page=1&limit=20 HTTP/1.1" 304 -
::1 - - [01/Aug/2021:05:58:36 +0000] "GET /api/v1/movies?page=2&limit=20&sort=title.asc HTTP/1.1" 200 6397
::1 - - [01/Aug/2021:05:59:13 +0000] "GET /api/v1/movies?page=2&limit=20&sort=title.asc HTTP/1.1" 200 6397
::1 - - [01/Aug/2021:05:59:49 +0000] "GET /api/v1/movies?page=2&limit=20&sort=title.asc HTTP/1.1" 404 36
::1 - - [01/Aug/2021:06:00:25 +0000] "GET /api/v1/movies?page=2&limit=20&sort=title.asc HTTP/1.1" 404 36
::1 - - [01/Aug/2021:06:00:26 +0000] "GET /api/v1/movies?page=2&limit=20&sort=title.asc HTTP/1.1" 404 36
::1 - - [01/Aug/2021:06:00:40 +0000] "GET /api/v1/movies?page=2&limit=20&sort=title.asc HTTP/1.1" 200 2011
::1 - - [01/Aug/2021:06:01:19 +0000] "GET /api/v1/movies?page=2&limit=20&sort=title.asc HTTP/1.1" 404 36
::1 - - [01/Aug/2021:06:01:19 +0000] "GET /api/v1/movies?page=2&limit=20&sort=title.asc HTTP/1.1" 404 36
::1 - - [01/Aug/2021:06:01:32 +0000] "GET /api/v1/movies?page=2&limit=20&sort=title.asc HTTP/1.1" 200 57
::1 - - [01/Aug/2021:06:01:33 +0000] "GET /api/v1/movies?page=2&limit=20&sort=title.asc HTTP/1.1" 200 57
::1 - - [01/Aug/2021:06:01:49 +0000] "GET /api/v1/movies?page=2&limit=20&sort=title.asc HTTP/1.1" 404 36
::1 - - [01/Aug/2021:06:01:50 +0000] "GET /api/v1/movies?page=2&limit=20&sort=title.asc HTTP/1.1" 404 36
::1 - - [01/Aug/2021:06:04:12 +0000] "GET /api/v1/movies?page=2&limit=20&sort=title.asc&title=12 HTTP/1.1" 404 36
::1 - - [01/Aug/2021:06:04:32 +0000] "GET /api/v1/movies?page=2&limit=20&sort=title.asc&title=12 HTTP/1.1" 200 6397
::1 - - [01/Aug/2021:06:06:56 +0000] "GET /api/v1/movies?page=1&limit=20&title=sdds HTTP/1.1" 200 57
::1 - - [01/Aug/2021:06:06:58 +0000] "GET /api/v1/movies?page=1&limit=20&title=a HTTP/1.1" 200 19524
::1 - - [01/Aug/2021:06:07:02 +0000] "GET /api/v1/movies?page=1&limit=20&title=pa HTTP/1.1" 200 3937
::1 - - [01/Aug/2021:06:07:15 +0000] "GET /api/v1/movies?page=1&limit=20&title=pa HTTP/1.1" 304 -
::1 - - [01/Aug/2021:06:07:16 +0000] "GET /api/v1/movies?page=2&limit=20&title=pa HTTP/1.1" 200 57
::1 - - [01/Aug/2021:06:07:16 +0000] "GET /api/v1/movies?page=2&limit=20&title=pa HTTP/1.1" 304 -
::1 - - [01/Aug/2021:06:07:19 +0000] "GET /api/v1/movies?page=2&limit=20&title=pa HTTP/1.1" 304 -
::1 - - [01/Aug/2021:06:07:22 +0000] "GET /api/v1/movies?page=2&limit=20&title=pa HTTP/1.1" 304 -
::1 - - [01/Aug/2021:06:07:26 +0000] "GET /api/v1/movies?page=1&limit=20&title=p HTTP/1.1" 200 4563
::1 - - [01/Aug/2021:06:09:22 +0000] "GET /api/v1/movies?page=1&limit=20&title=pasd HTTP/1.1" 200 57
::1 - - [01/Aug/2021:06:09:25 +0000] "GET /api/v1/movies?page=1&limit=20&title= HTTP/1.1" 200 22029
::1 - - [01/Aug/2021:06:09:34 +0000] "GET /api/v1/movies?page=1&limit=20&title= HTTP/1.1" 304 -
::1 - - [01/Aug/2021:06:09:36 +0000] "GET /api/v1/movies?page=2&limit=20&title=a HTTP/1.1" 200 819
::1 - - [01/Aug/2021:06:09:39 +0000] "GET /api/v1/movies?page=1&limit=20&title=a HTTP/1.1" 304 -
::1 - - [01/Aug/2021:06:09:40 +0000] "GET /api/v1/movies?page=1&limit=20&title=a HTTP/1.1" 304 -
::1 - - [01/Aug/2021:06:09:53 +0000] "GET /api/v1/movies?page=1&limit=20&title=a HTTP/1.1" 304 -
::1 - - [01/Aug/2021:06:10:11 +0000] "GET /api/v1/movies?sort_by=release_date.desc HTTP/1.1" 304 -
::1 - - [01/Aug/2021:06:10:13 +0000] "GET /api/v1/movies?page=1&limit=20 HTTP/1.1" 304 -
::1 - - [01/Aug/2021:06:10:15 +0000] "GET /api/v1/movies?page=2&limit=20&title=a HTTP/1.1" 304 -
::1 - - [01/Aug/2021:06:10:20 +0000] "GET /api/v1/movies?page=1&limit=20&title=a HTTP/1.1" 304 -
::1 - - [01/Aug/2021:06:10:59 +0000] "GET /api/v1/movies?page=1&limit=20&title=as HTTP/1.1" 200 3728
::1 - - [01/Aug/2021:06:11:03 +0000] "GET /api/v1/movies?page=1&limit=20&title=as HTTP/1.1" 304 -
::1 - - [01/Aug/2021:06:11:03 +0000] "GET /api/v1/movies?page=2&limit=20&title=as HTTP/1.1" 200 57
::1 - - [01/Aug/2021:06:11:34 +0000] "GET /api/v1/movies?page=1&limit=20&title=as HTTP/1.1" 304 -
::1 - - [01/Aug/2021:06:11:36 +0000] "GET /api/v1/movies?page=1&limit=20&title=as HTTP/1.1" 304 -
::1 - - [01/Aug/2021:06:13:10 +0000] "GET /api/v1/movies?sort_by=release_date.desc HTTP/1.1" 304 -
::1 - - [01/Aug/2021:06:13:13 +0000] "GET /api/v1/movies?page=1&limit=20&title=as HTTP/1.1" 304 -
::1 - - [01/Aug/2021:06:13:23 +0000] "GET /api/v1/movies?page=2&limit=20&title=as HTTP/1.1" 304 -
::1 - - [01/Aug/2021:06:13:26 +0000] "GET /api/v1/movies?page=1&limit=20&title=as HTTP/1.1" 304 -
::1 - - [01/Aug/2021:06:13:28 +0000] "GET /api/v1/movies?page=1&limit=20&title=as HTTP/1.1" 304 -
::1 - - [01/Aug/2021:06:13:28 +0000] "GET /api/v1/movies?page=1&limit=20&title=as HTTP/1.1" 304 -
::1 - - [01/Aug/2021:06:13:29 +0000] "GET /api/v1/movies?page=1&limit=20&title=as HTTP/1.1" 304 -
::1 - - [01/Aug/2021:06:13:35 +0000] "GET /api/v1/movies?page=1&limit=20&title=as HTTP/1.1" 304 -
::1 - - [01/Aug/2021:06:13:43 +0000] "GET /api/v1/movies?page=1&limit=20&title=a HTTP/1.1" 304 -
::1 - - [01/Aug/2021:06:13:45 +0000] "GET /api/v1/movies?page=1&limit=20&title=a HTTP/1.1" 304 -
::1 - - [01/Aug/2021:06:13:47 +0000] "GET /api/v1/movies?page=1&limit=20&title=a HTTP/1.1" 304 -
::1 - - [01/Aug/2021:06:13:49 +0000] "GET /api/v1/movies?page=2&limit=20&title=a HTTP/1.1" 304 -
::1 - - [01/Aug/2021:06:13:52 +0000] "GET /api/v1/movies?page=1&limit=20&title=a HTTP/1.1" 304 -
::1 - - [01/Aug/2021:06:13:54 +0000] "GET /api/v1/movies?page=1&limit=20&title=a HTTP/1.1" 304 -
::1 - - [01/Aug/2021:06:13:55 +0000] "GET /api/v1/movies?page=1&limit=20&title=a HTTP/1.1" 304 -
::1 - - [01/Aug/2021:06:13:55 +0000] "GET /api/v1/movies?page=1&limit=20&title=a HTTP/1.1" 304 -
::1 - - [01/Aug/2021:06:13:55 +0000] "GET /api/v1/movies?page=1&limit=20&title=a HTTP/1.1" 304 -
::1 - - [01/Aug/2021:06:15:31 +0000] "GET /api/v1/movies?sort_by=release_date.desc HTTP/1.1" 304 -
::1 - - [01/Aug/2021:06:15:35 +0000] "GET /api/v1/movies?page=1&limit=20&title=a HTTP/1.1" 304 -
::1 - - [01/Aug/2021:06:15:39 +0000] "GET /api/v1/movies?page=1&limit=20&title=a HTTP/1.1" 304 -
::1 - - [01/Aug/2021:06:16:21 +0000] "GET /api/v1/movies?sort_by=release_date.desc HTTP/1.1" 304 -
::1 - - [01/Aug/2021:06:16:24 +0000] "GET /api/v1/movies?sort_by=release_date.desc HTTP/1.1" 304 -
::1 - - [01/Aug/2021:06:16:26 +0000] "GET /api/v1/movies?page=1&limit=20 HTTP/1.1" 304 -
::1 - - [01/Aug/2021:06:17:18 +0000] "GET /api/v1/movies?sort_by=release_date.desc HTTP/1.1" 304 -
::1 - - [01/Aug/2021:06:17:20 +0000] "GET /api/v1/movies?sort_by=release_date.desc HTTP/1.1" 304 -
::1 - - [01/Aug/2021:06:17:21 +0000] "GET /api/v1/movies?page=2&limit=20 HTTP/1.1" 200 6397
::1 - - [01/Aug/2021:06:17:27 +0000] "GET /api/v1/movies?page=1&limit=20 HTTP/1.1" 304 -
::1 - - [01/Aug/2021:06:19:20 +0000] "GET /api/v1/movies?sort_by=release_date.desc HTTP/1.1" 304 -
::1 - - [01/Aug/2021:06:19:22 +0000] "GET /api/v1/movies?page=2&limit=20 HTTP/1.1" 304 -
::1 - - [01/Aug/2021:06:19:25 +0000] "GET /api/v1/movies?page=1&limit=20 HTTP/1.1" 304 -
::1 - - [01/Aug/2021:06:19:27 +0000] "GET /api/v1/movies?page=2&limit=20 HTTP/1.1" 304 -
::1 - - [01/Aug/2021:06:19:32 +0000] "GET /api/v1/movies?page=1&limit=20&sort_by=popularity.asc HTTP/1.1" 200 16215
::1 - - [01/Aug/2021:06:19:37 +0000] "GET /api/v1/movies?page=1&limit=20&sort_by=title.desc HTTP/1.1" 200 20367
::1 - - [01/Aug/2021:06:19:42 +0000] "GET /api/v1/movies?page=2&limit=20&sort_by=title.desc HTTP/1.1" 200 8059
::1 - - [01/Aug/2021:06:19:47 +0000] "GET /api/v1/movies?page=1&limit=20&sort_by=title.desc HTTP/1.1" 304 -
::1 - - [01/Aug/2021:06:19:49 +0000] "GET /api/v1/movies?page=1&limit=20&sort_by=title.desc&title=sd HTTP/1.1" 200 57
::1 - - [01/Aug/2021:06:20:13 +0000] "GET /api/v1/movies?page=1&limit=20&sort_by=title.desc&title=sd HTTP/1.1" 304 -
::1 - - [01/Aug/2021:06:20:50 +0000] "GET /api/v1/movies?sort_by=release_date.desc HTTP/1.1" 304 -
::1 - - [01/Aug/2021:06:20:54 +0000] "GET /api/v1/movies?page=1&limit=20&sort_by=title.desc&title=sdsd HTTP/1.1" 200 57
::1 - - [01/Aug/2021:06:20:56 +0000] "GET /api/v1/movies?page=1&limit=20&sort_by=title.desc&title=sdsd HTTP/1.1" 304 -
::1 - - [01/Aug/2021:06:20:57 +0000] "GET /api/v1/movies?page=1&limit=20&sort_by=title.desc&title=sdsd HTTP/1.1" 304 -
::1 - - [01/Aug/2021:06:20:59 +0000] "GET /api/v1/movies?page=1&limit=20&sort_by=title.desc&title=a HTTP/1.1" 200 19656
::1 - - [01/Aug/2021:06:21:06 +0000] "GET /api/v1/movies?page=1&limit=20&sort_by=title.desc&title=sdsd HTTP/1.1" 304 -
::1 - - [01/Aug/2021:09:27:49 +0000] "GET /api/v1/movies/379686 HTTP/1.1" 200 4
::1 - - [01/Aug/2021:09:31:49 +0000] "GET /api/v1/movies/379686 HTTP/1.1" 404 36
::1 - - [01/Aug/2021:09:35:42 +0000] "GET /api/v1/movies?page=2&limit=20&sort=title.asc&search=a HTTP/1.1" 200 56
::1 - - [01/Aug/2021:09:35:48 +0000] "GET /api/v1/movies?page=2&limit=20&sort=title.asc HTTP/1.1" 200 56
::1 - - [01/Aug/2021:09:36:09 +0000] "GET /api/v1/movies?page=2&limit=20&sort=title.asc HTTP/1.1" 200 56
::1 - - [01/Aug/2021:09:36:12 +0000] "GET /api/v1/movies?page=2&limit=20&sort=title.asc HTTP/1.1" 200 56
::1 - - [01/Aug/2021:09:36:13 +0000] "GET /api/v1/movies?page=2&limit=20&sort=title.asc HTTP/1.1" 200 56
::1 - - [01/Aug/2021:09:36:25 +0000] "GET /api/v1/movies?page=2&limit=20&sort=title.asc HTTP/1.1" 200 56
::1 - - [01/Aug/2021:09:36:25 +0000] "GET /api/v1/movies?page=2&limit=20&sort=title.asc HTTP/1.1" 200 56
::1 - - [01/Aug/2021:09:36:33 +0000] "GET /api/v1/movies?limit=20&sort=title.asc HTTP/1.1" 200 12236
::1 - - [01/Aug/2021:09:36:39 +0000] "GET /api/v1/movies/159211 HTTP/1.1" 200 1264
::1 - - [01/Aug/2021:09:37:43 +0000] "GET /api/v1/movies/159211 HTTP/1.1" 200 1264
::1 - - [01/Aug/2021:09:37:44 +0000] "GET /api/v1/movies/159211 HTTP/1.1" 200 1264
::1 - - [01/Aug/2021:09:38:12 +0000] "GET /api/v1/movies/159211 HTTP/1.1" 200 1264
::1 - - [01/Aug/2021:09:41:25 +0000] "GET /api/v1/movies/159211 HTTP/1.1" 200 1264
::1 - - [01/Aug/2021:09:41:40 +0000] "GET /api/v1/movies/379686 HTTP/1.1" 200 2019
::1 - - [01/Aug/2021:09:41:44 +0000] "GET /api/v1/movies/379686 HTTP/1.1" 200 2019
::1 - - [01/Aug/2021:09:42:37 +0000] "GET /api/v1/movies/379686 HTTP/1.1" 200 2019
::1 - - [01/Aug/2021:09:42:41 +0000] "GET /api/v1/movies/379686 HTTP/1.1" 200 2019
::ffff:127.0.0.1 - - [01/Aug/2021:09:42:49 +0000] "GET /api/v1/movies/379686 HTTP/1.1" 200 2019
::1 - - [01/Aug/2021:09:43:49 +0000] "GET /api/v1/movies/379686 HTTP/1.1" 200 2019
::1 - - [01/Aug/2021:09:44:29 +0000] "GET /api/v1/movies/379686 HTTP/1.1" 200 2019
::1 - - [01/Aug/2021:09:44:47 +0000] "GET /api/v1/movies/379686 HTTP/1.1" 200 2019
::1 - - [01/Aug/2021:09:45:34 +0000] "GET /api/v1/movies/379686 HTTP/1.1" 200 2019
::1 - - [01/Aug/2021:09:48:03 +0000] "GET /api/v1/movies/379686 HTTP/1.1" 404 36
::1 - - [01/Aug/2021:09:53:14 +0000] "GET /api/v1/movies/379686 HTTP/1.1" 404 36
::1 - - [01/Aug/2021:09:53:15 +0000] "GET /api/v1/movies/379686 HTTP/1.1" 404 36
::1 - - [01/Aug/2021:09:53:21 +0000] "GET /api/v1/movies/379686 HTTP/1.1" 200 2019
::1 - - [01/Aug/2021:09:53:39 +0000] "GET /api/v1/movies/379686 HTTP/1.1" 404 36
::1 - - [01/Aug/2021:09:53:40 +0000] "GET /api/v1/movies/379686 HTTP/1.1" 404 36
::1 - - [01/Aug/2021:09:54:04 +0000] "GET /api/v1/movies/379686 HTTP/1.1" 400 47
::1 - - [01/Aug/2021:09:54:05 +0000] "GET /api/v1/movies/379686 HTTP/1.1" 400 47
::1 - - [01/Aug/2021:09:54:14 +0000] "GET /api/v1/movies/379686 HTTP/1.1" 200 2019
::1 - - [01/Aug/2021:09:54:53 +0000] "GET /api/v1/movies/379686 HTTP/1.1" 200 2261
::1 - - [01/Aug/2021:09:55:01 +0000] "GET /api/v1/movies/379686 HTTP/1.1" 200 2019
::1 - - [01/Aug/2021:09:55:19 +0000] "GET /api/v1/movies/385128 HTTP/1.1" 200 1364
::1 - - [01/Aug/2021:09:55:22 +0000] "GET /api/v1/movies/385128 HTTP/1.1" 200 1364
::1 - - [01/Aug/2021:10:18:54 +0000] "GET /api/v1/movies?sort_by=popularity.desc&limit=10 HTTP/1.1" 200 12236
::1 - - [01/Aug/2021:10:18:54 +0000] "GET /api/v1/movies?sort_by=vote_average.desc&limit=10 HTTP/1.1" 200 12236
::1 - - [01/Aug/2021:10:18:54 +0000] "GET /api/v1/movies?sort_by=release_date.desc&limit=10 HTTP/1.1" 200 12236
